actionid=tox
msg=packaging
cmdargs=['/usr/bin/python', local('/home/abhishekv/Review/Abhishek Vinjamoori/DonkeyKongFinal/src/setup.py'), 'sdist', '--formats=zip', '--dist-dir', local('/home/abhishekv/Review/Abhishek Vinjamoori/DonkeyKongFinal/src/.tox/dist')]
env=None
WARNING: '.' not a valid package name; please use only.-separated package names in setup.py
running sdist
running egg_info
writing UNKNOWN.egg-info/PKG-INFO
writing top-level names to UNKNOWN.egg-info/top_level.txt
writing dependency_links to UNKNOWN.egg-info/dependency_links.txt
package init file '__init__.py' not found (or not a regular file)
reading manifest file 'UNKNOWN.egg-info/SOURCES.txt'
writing manifest file 'UNKNOWN.egg-info/SOURCES.txt'
warning: sdist: standard file not found: should have one of README, README.rst, README.txt

running check
warning: check: missing required meta-data: name, url

warning: check: missing meta-data: either (author and author_email) or (maintainer and maintainer_email) must be supplied

creating UNKNOWN-0.0.0
creating UNKNOWN-0.0.0/UNKNOWN.egg-info
making hard links in UNKNOWN-0.0.0...
hard linking board.py -> UNKNOWN-0.0.0
hard linking final.py -> UNKNOWN-0.0.0
hard linking fireball.py -> UNKNOWN-0.0.0
hard linking main.py -> UNKNOWN-0.0.0
hard linking objects.py -> UNKNOWN-0.0.0
hard linking person.py -> UNKNOWN-0.0.0
hard linking player.py -> UNKNOWN-0.0.0
hard linking setup.py -> UNKNOWN-0.0.0
hard linking test_board.py -> UNKNOWN-0.0.0
hard linking test_donkey.py -> UNKNOWN-0.0.0
hard linking test_fireball.py -> UNKNOWN-0.0.0
hard linking test_player.py -> UNKNOWN-0.0.0
hard linking UNKNOWN.egg-info/PKG-INFO -> UNKNOWN-0.0.0/UNKNOWN.egg-info
hard linking UNKNOWN.egg-info/SOURCES.txt -> UNKNOWN-0.0.0/UNKNOWN.egg-info
hard linking UNKNOWN.egg-info/dependency_links.txt -> UNKNOWN-0.0.0/UNKNOWN.egg-info
hard linking UNKNOWN.egg-info/top_level.txt -> UNKNOWN-0.0.0/UNKNOWN.egg-info
Writing UNKNOWN-0.0.0/setup.cfg
creating '.tox/dist/UNKNOWN-0.0.0.zip' and adding 'UNKNOWN-0.0.0' to it
adding 'UNKNOWN-0.0.0/person.py'
adding 'UNKNOWN-0.0.0/main.py'
adding 'UNKNOWN-0.0.0/final.py'
adding 'UNKNOWN-0.0.0/player.py'
adding 'UNKNOWN-0.0.0/setup.cfg'
adding 'UNKNOWN-0.0.0/test_player.py'
adding 'UNKNOWN-0.0.0/objects.py'
adding 'UNKNOWN-0.0.0/board.py'
adding 'UNKNOWN-0.0.0/fireball.py'
adding 'UNKNOWN-0.0.0/setup.py'
adding 'UNKNOWN-0.0.0/test_board.py'
adding 'UNKNOWN-0.0.0/PKG-INFO'
adding 'UNKNOWN-0.0.0/test_donkey.py'
adding 'UNKNOWN-0.0.0/test_fireball.py'
adding 'UNKNOWN-0.0.0/UNKNOWN.egg-info/dependency_links.txt'
adding 'UNKNOWN-0.0.0/UNKNOWN.egg-info/top_level.txt'
adding 'UNKNOWN-0.0.0/UNKNOWN.egg-info/SOURCES.txt'
adding 'UNKNOWN-0.0.0/UNKNOWN.egg-info/PKG-INFO'
removing 'UNKNOWN-0.0.0' (and everything under it)
